{
  "stats": {
    "suites": 0,
    "tests": 1,
    "passes": 1,
    "pending": 0,
    "failures": 0,
    "start": "2023-08-07T08:01:43.522Z",
    "end": "2023-08-07T08:02:22.411Z",
    "duration": 38889,
    "testsRegistered": 1,
    "passPercent": 100,
    "pendingPercent": 0,
    "other": 0,
    "hasOther": false,
    "skipped": 0,
    "hasSkipped": false
  },
  "results": [
    {
      "uuid": "ee33a61e-1572-4d99-86ab-483e4ed592c6",
      "title": "",
      "fullFile": "cypress\\e2e\\tests\\TestCase_1_RegisterUser.cy.js",
      "file": "cypress\\e2e\\tests\\TestCase_1_RegisterUser.cy.js",
      "beforeHooks": [],
      "afterHooks": [],
      "tests": [
        {
          "title": "passes",
          "fullTitle": "passes",
          "timedOut": null,
          "duration": 36035,
          "state": "passed",
          "speed": "slow",
          "pass": true,
          "fail": false,
          "pending": false,
          "context": null,
          "code": "homePage.homePageUrl();\nhomePage.clickSignUpLoginButton();\nhomePage.registrationEmail(\"asdasd@adsssad.com\");\nhomePage.registrationName(\"john\");\nhomePage.clickSignupButton();\nregistrationPage.accountInformationIsVisible();\nregistrationPage.titleMan();\nregistrationPage.enterPassword(\"12345\");\nregistrationPage.dayOfBirth(\"12\");\nregistrationPage.monthOfBirth(\"June\");\nregistrationPage.yearOfBirth(\"2000\");\nregistrationPage.checkboxSignUpForOurNewsletter();\nregistrationPage.checkboxReceiveSpecialOffersFromOurPartners();\nregistrationPage.firstName(\"John\");\nregistrationPage.lastName(\"John\");\nregistrationPage.companyName(\"Johns\");\nregistrationPage.address(\"ad1\");\nregistrationPage.address2(\"ad2\");\nregistrationPage.countryName();\nregistrationPage.stateName(\"sdasd\");\nregistrationPage.cityName(\"Johnss\");\nregistrationPage.zipCode(\"2201\");\nregistrationPage.mobileNumber(\"2313123123123\");\nregistrationPage.clickCreateAccountButton();\nregistrationPage.createAccountIsVisible();\nregistrationPage.clickContinoueButton();\nhomePage.loggedAsIsVisible();\nhomePage.clickDeleteAccountButton();\nhomePage.deleteAccountIsVisible();\nregistrationPage.clickContinoueButtonAfterDeleteAccount();",
          "err": {},
          "uuid": "49d6d13e-9983-4ecb-95cb-c18e597290f4",
          "parentUUID": "ee33a61e-1572-4d99-86ab-483e4ed592c6",
          "isHook": false,
          "skipped": false
        }
      ],
      "suites": [],
      "passes": [
        "49d6d13e-9983-4ecb-95cb-c18e597290f4"
      ],
      "failures": [],
      "pending": [],
      "skipped": [],
      "duration": 36035,
      "root": true,
      "rootEmpty": false,
      "_timeout": 2000
    }
  ],
  "meta": {
    "mocha": {
      "version": "7.0.1"
    },
    "mochawesome": {
      "options": {
        "quiet": false,
        "reportFilename": "mochawesome",
        "saveHtml": false,
        "saveJson": true,
        "consoleReporter": "spec",
        "useInlineDiffs": false,
        "code": true
      },
      "version": "7.1.3"
    },
    "marge": {
      "options": {
        "reportDir": "cypress/reports",
        "overwrite": false,
        "html": false,
        "json": true
      },
      "version": "6.2.0"
    }
  }
}